TN:
SF:script/DeployLendingBorrowing.s.sol
FN:9,DeployLendingBorrowing.run
FNDA:0,DeployLendingBorrowing.run
FN:11,DeployLendingBorrowing.deployLendingBorrowing
FNDA:23,DeployLendingBorrowing.deployLendingBorrowing
DA:12,23
DA:13,23
DA:15,23
DA:16,23
DA:17,23
DA:19,23
FNF:2
FNH:1
LF:6
LH:6
BRF:0
BRH:0
end_of_record
TN:
SF:script/HelperConfig.s.sol
FN:21,HelperConfig.
FNDA:23,HelperConfig.
DA:22,23
BRDA:22,0,0,-
BRDA:22,0,1,23
DA:23,0
DA:25,23
FN:29,HelperConfig.sepoliaConfig
FNDA:0,HelperConfig.sepoliaConfig
DA:30,0
FN:33,HelperConfig.getOrCreateAnvilConfig
FNDA:23,HelperConfig.getOrCreateAnvilConfig
DA:34,23
BRDA:34,1,0,-
DA:35,0
DA:38,23
DA:39,23
DA:40,23
DA:41,23
DA:42,23
DA:44,23
DA:47,23
FNF:3
FNH:2
LF:13
LH:10
BRF:3
BRH:1
end_of_record
TN:
SF:src/LendingBorrowing.sol
FN:47,LendingBorrowing.
FNDA:23,LendingBorrowing.
DA:48,23
DA:49,23
DA:50,23
FN:53,LendingBorrowing.moreThanZero
FNDA:3,LendingBorrowing.moreThanZero
DA:54,3
BRDA:54,0,0,-
DA:55,0
FN:60,LendingBorrowing.deposit
FNDA:6,LendingBorrowing.deposit
DA:61,5
DA:62,5
BRDA:62,1,0,1
DA:63,1
DA:66,4
DA:67,4
DA:68,4
FN:71,LendingBorrowing.withdraw
FNDA:3,LendingBorrowing.withdraw
DA:72,3
DA:73,3
BRDA:73,2,0,1
DA:74,1
DA:77,2
DA:78,2
DA:79,2
DA:81,2
DA:82,2
BRDA:82,3,0,1
DA:83,1
DA:86,1
DA:87,1
BRDA:87,4,0,1
DA:88,1
DA:90,1
FN:93,LendingBorrowing.depositCollateral
FNDA:17,LendingBorrowing.depositCollateral
DA:94,17
DA:95,17
BRDA:95,5,0,1
DA:96,1
DA:99,16
DA:100,16
FN:103,LendingBorrowing.redeemCollateral
FNDA:4,LendingBorrowing.redeemCollateral
DA:104,4
DA:105,4
BRDA:105,6,0,1
DA:106,1
DA:109,3
DA:111,3
DA:112,3
BRDA:112,7,0,1
DA:113,1
DA:116,2
DA:117,2
BRDA:117,8,0,1
DA:118,1
DA:121,1
FN:124,LendingBorrowing.borrow
FNDA:13,LendingBorrowing.borrow
DA:125,13
DA:126,13
DA:127,13
DA:129,13
BRDA:129,9,0,1
DA:130,1
DA:133,12
DA:135,12
DA:136,12
BRDA:136,10,0,-
DA:137,0
DA:140,12
DA:141,12
BRDA:141,11,0,1
DA:142,1
DA:144,11
FN:147,LendingBorrowing.repayBorrow
FNDA:3,LendingBorrowing.repayBorrow
DA:148,3
DA:149,3
BRDA:149,12,0,1
DA:150,1
DA:153,2
DA:154,2
DA:155,2
BRDA:155,13,0,1
DA:156,1
DA:159,1
DA:160,1
FN:163,LendingBorrowing.liquidate
FNDA:5,LendingBorrowing.liquidate
DA:164,5
DA:165,5
BRDA:165,14,0,1
DA:166,1
DA:171,4
DA:173,4
DA:175,4
BRDA:175,15,0,1
DA:176,1
DA:179,3
DA:180,3
DA:182,3
BRDA:182,16,0,1
DA:183,1
DA:186,2
DA:187,2
DA:189,2
DA:190,2
DA:192,2
BRDA:192,17,0,1
DA:193,1
DA:196,1
FN:199,LendingBorrowing.calculateHealthFactor
FNDA:0,LendingBorrowing.calculateHealthFactor
DA:200,20
DA:201,20
DA:203,20
DA:205,18
DA:206,18
DA:208,18
FN:211,LendingBorrowing.getBorrowLimit
FNDA:1,LendingBorrowing.getBorrowLimit
DA:212,14
DA:213,14
FN:216,LendingBorrowing.getCollateralTokenAmountFromDai
FNDA:1,LendingBorrowing.getCollateralTokenAmountFromDai
DA:217,5
DA:218,5
FN:221,LendingBorrowing.getCollateralValue
FNDA:34,LendingBorrowing.getCollateralValue
DA:222,34
DA:223,34
DA:225,34
FN:228,LendingBorrowing.getPrice
FNDA:39,LendingBorrowing.getPrice
DA:229,39
DA:230,39
DA:231,39
DA:233,39
FN:236,LendingBorrowing.calculateInterest
FNDA:2,LendingBorrowing.calculateInterest
DA:237,2
DA:238,2
FN:241,LendingBorrowing.getUserDeposit
FNDA:2,LendingBorrowing.getUserDeposit
DA:242,2
FN:245,LendingBorrowing.getUserCollateral
FNDA:2,LendingBorrowing.getUserCollateral
DA:246,2
FN:249,LendingBorrowing.getUserBorrow
FNDA:2,LendingBorrowing.getUserBorrow
DA:250,2
FN:253,LendingBorrowing.getUserTimestamp
FNDA:1,LendingBorrowing.getUserTimestamp
DA:254,1
FNF:19
FNH:18
LF:103
LH:101
BRF:18
BRH:16
end_of_record
TN:
SF:test/mocks/MockCollateral.sol
FN:9,MockCollateral.
FNDA:23,MockCollateral.
FN:12,MockCollateral.faucet
FNDA:28,MockCollateral.faucet
DA:13,28
FN:16,MockCollateral.setTransferFromShouldFail
FNDA:2,MockCollateral.setTransferFromShouldFail
DA:17,2
FN:20,MockCollateral.transferFrom
FNDA:17,MockCollateral.transferFrom
DA:21,1
BRDA:21,0,0,1
DA:22,1
DA:24,16
FN:27,MockCollateral.transfer
FNDA:4,MockCollateral.transfer
DA:28,1
BRDA:28,1,0,1
DA:29,1
DA:31,3
FNF:5
FNH:5
LF:8
LH:8
BRF:2
BRH:2
end_of_record
TN:
SF:test/mocks/MockDAI.sol
FN:9,MockDAI.
FNDA:23,MockDAI.
FN:12,MockDAI.faucet
FNDA:46,MockDAI.faucet
DA:13,46
FN:16,MockDAI.setTransferFromShouldFail
FNDA:5,MockDAI.setTransferFromShouldFail
DA:17,5
FN:20,MockDAI.transferFrom
FNDA:9,MockDAI.transferFrom
DA:21,3
BRDA:21,0,0,3
DA:22,3
DA:24,6
FN:27,MockDAI.transfer
FNDA:14,MockDAI.transfer
DA:28,2
BRDA:28,1,0,2
DA:29,2
DA:31,12
FNF:5
FNH:5
LF:8
LH:8
BRF:2
BRH:2
end_of_record
TN:
SF:test/mocks/MockV3Aggregator.sol
FN:24,MockV3Aggregator.
FNDA:23,MockV3Aggregator.
DA:25,23
DA:26,23
FN:29,MockV3Aggregator.updateAnswer
FNDA:27,MockV3Aggregator.updateAnswer
DA:30,27
DA:31,27
DA:32,27
DA:33,27
DA:34,27
DA:35,27
FN:38,MockV3Aggregator.updateRoundData
FNDA:0,MockV3Aggregator.updateRoundData
DA:39,0
DA:40,0
DA:41,0
DA:42,0
DA:43,0
DA:44,0
FN:47,MockV3Aggregator.getRoundData
FNDA:0,MockV3Aggregator.getRoundData
DA:52,0
FN:55,MockV3Aggregator.latestRoundData
FNDA:39,MockV3Aggregator.latestRoundData
DA:60,39
FN:69,MockV3Aggregator.description
FNDA:0,MockV3Aggregator.description
DA:70,0
FNF:6
FNH:3
LF:17
LH:9
BRF:0
BRH:0
end_of_record
